Using pre-set license
Built from '2020.3/release' branch; Version is '2020.3.7f1 (dd97f2c94397) revision 14522354'; Using compiler version '192528614'; Build Type 'Release'
OS: 'Windows 10 Home Single Language; OS build 19042.985; Version 2009; 64bit' Language: 'ru' Physical Memory: 8129 MB
BatchMode: 1, IsHumanControllingUs: 0, StartBugReporterOnCrash: 0, Is64bit: 1, IsPro: 0

 COMMAND LINE ARGUMENTS:
C:\Program Files\Unity\2020.3.7f1\Editor\Unity.exe
-adb2
-batchMode
-noUpm
-name
AssetImportWorker0
-projectPath
C:/Users/Dmitriy/Documents/GitHub/SHK-Unity
-logFile
Logs/AssetImportWorker0.log
-srvPort
61225
Successfully changed project path to: C:/Users/Dmitriy/Documents/GitHub/SHK-Unity
C:/Users/Dmitriy/Documents/GitHub/SHK-Unity
Using Asset Import Pipeline V2.
Refreshing native plugins compatible for Editor in 51.09 ms, found 0 plugins.
Preloading 0 native plugins for Editor in 0.00 ms.
Initialize engine version: 2020.3.7f1 (dd97f2c94397)
[Subsystems] Discovering subsystems at path C:/Program Files/Unity/2020.3.7f1/Editor/Data/Resources/UnitySubsystems
[Subsystems] Discovering subsystems at path C:/Users/Dmitriy/Documents/GitHub/SHK-Unity/Assets
GfxDevice: creating device client; threaded=0
Direct3D:
    Version:  Direct3D 11.0 [level 11.1]
    Renderer: NVIDIA GeForce GTX 950 (ID=0x1402)
    Vendor:   
    VRAM:     2007 MB
    Driver:   27.21.14.5671
Initialize mono
Mono path[0] = 'C:/Program Files/Unity/2020.3.7f1/Editor/Data/Managed'
Mono path[1] = 'C:/Program Files/Unity/2020.3.7f1/Editor/Data/MonoBleedingEdge/lib/mono/unityjit'
Mono config path = 'C:/Program Files/Unity/2020.3.7f1/Editor/Data/MonoBleedingEdge/etc'
Using monoOptions --debugger-agent=transport=dt_socket,embedding=1,server=y,suspend=n,address=127.0.0.1:56864
Begin MonoManager ReloadAssembly
Registering precompiled unity dll's ...
Register platform support module: C:/Program Files/Unity/2020.3.7f1/Editor/Data/PlaybackEngines/WindowsStandaloneSupport/UnityEditor.WindowsStandalone.Extensions.dll
Registered in 0.001737 seconds.
Native extension for WindowsStandalone target not found
Refreshing native plugins compatible for Editor in 43.53 ms, found 0 plugins.
Preloading 0 native plugins for Editor in 0.00 ms.
Mono: successfully reloaded assembly
- Completed reload, in  2.872 seconds
Platform modules already initialized, skipping
Registering precompiled user dll's ...
Registered in 0.002519 seconds.
Begin MonoManager ReloadAssembly
Native extension for WindowsStandalone target not found
Refreshing native plugins compatible for Editor in 0.69 ms, found 0 plugins.
Preloading 0 native plugins for Editor in 0.00 ms.
Mono: successfully reloaded assembly
- Completed reload, in  1.187 seconds
Platform modules already initialized, skipping
========================================================================
Worker process is ready to serve import requests
Launched and connected shader compiler UnityShaderCompiler.exe after 0.06 seconds
Refreshing native plugins compatible for Editor in 0.69 ms, found 0 plugins.
Preloading 0 native plugins for Editor in 0.00 ms.
Unloading 1659 Unused Serialized files (Serialized files now loaded: 0)
System memory in use before: 71.1 MB.
System memory in use after: 71.2 MB.

Unloading 49 unused Assets to reduce memory usage. Loaded Objects now: 2073.
Total: 5.555200 ms (FindLiveObjects: 0.218900 ms CreateObjectMapping: 0.087500 ms MarkObjects: 5.159000 ms  DeleteObjects: 0.087700 ms)

========================================================================
Received Import Request.
  path: Assets/Group1/Scripts/Player.cs
  artifactKey: Guid(dede9e7d6741aea4cb07b98da83cc6a8) Importer(815301076,1909f56bfc062723c751e8b465ee728b)
Start importing Assets/Group1/Scripts/Player.cs using Guid(dede9e7d6741aea4cb07b98da83cc6a8) Importer(815301076,1909f56bfc062723c751e8b465ee728b)  -> (artifact id: '8b6c5023f206a5833cc92ae7409ed5ae') in 0.195615 seconds
  Import took 0.230393 seconds .

========================================================================
Received Prepare
Registering precompiled user dll's ...
Registered in 0.003455 seconds.
Begin MonoManager ReloadAssembly
Native extension for WindowsStandalone target not found
Refreshing native plugins compatible for Editor in 0.65 ms, found 0 plugins.
Preloading 0 native plugins for Editor in 0.00 ms.
Mono: successfully reloaded assembly
- Completed reload, in  1.213 seconds
Platform modules already initialized, skipping
Refreshing native plugins compatible for Editor in 0.64 ms, found 0 plugins.
Preloading 0 native plugins for Editor in 0.00 ms.
Unloading 1653 Unused Serialized files (Serialized files now loaded: 0)
System memory in use before: 71.0 MB.
System memory in use after: 71.1 MB.

Unloading 40 unused Assets to reduce memory usage. Loaded Objects now: 2076.
Total: 7.512600 ms (FindLiveObjects: 0.221100 ms CreateObjectMapping: 0.102500 ms MarkObjects: 7.147100 ms  DeleteObjects: 0.039500 ms)

========================================================================
Received Prepare
Registering precompiled user dll's ...
Registered in 0.003379 seconds.
Begin MonoManager ReloadAssembly
Native extension for WindowsStandalone target not found
Refreshing native plugins compatible for Editor in 0.77 ms, found 0 plugins.
Preloading 0 native plugins for Editor in 0.00 ms.
Mono: successfully reloaded assembly
- Completed reload, in  1.424 seconds
Platform modules already initialized, skipping
Refreshing native plugins compatible for Editor in 0.66 ms, found 0 plugins.
Preloading 0 native plugins for Editor in 0.00 ms.
Unloading 1653 Unused Serialized files (Serialized files now loaded: 0)
System memory in use before: 71.0 MB.
System memory in use after: 71.1 MB.

Unloading 40 unused Assets to reduce memory usage. Loaded Objects now: 2079.
Total: 6.368700 ms (FindLiveObjects: 0.554700 ms CreateObjectMapping: 0.179400 ms MarkObjects: 5.593400 ms  DeleteObjects: 0.038400 ms)

========================================================================
Received Prepare
Registering precompiled user dll's ...
Registered in 0.002010 seconds.
Begin MonoManager ReloadAssembly
Native extension for WindowsStandalone target not found
Refreshing native plugins compatible for Editor in 0.86 ms, found 0 plugins.
Preloading 0 native plugins for Editor in 0.00 ms.
Mono: successfully reloaded assembly
- Completed reload, in  1.595 seconds
Platform modules already initialized, skipping
Refreshing native plugins compatible for Editor in 0.61 ms, found 0 plugins.
Preloading 0 native plugins for Editor in 0.00 ms.
Unloading 1653 Unused Serialized files (Serialized files now loaded: 0)
System memory in use before: 71.0 MB.
System memory in use after: 71.1 MB.

Unloading 40 unused Assets to reduce memory usage. Loaded Objects now: 2082.
Total: 9.100300 ms (FindLiveObjects: 0.286600 ms CreateObjectMapping: 0.187000 ms MarkObjects: 8.578400 ms  DeleteObjects: 0.045900 ms)

========================================================================
Received Prepare
Registering precompiled user dll's ...
Registered in 0.006914 seconds.
Begin MonoManager ReloadAssembly
Native extension for WindowsStandalone target not found
Refreshing native plugins compatible for Editor in 1.16 ms, found 0 plugins.
Preloading 0 native plugins for Editor in 0.00 ms.
Mono: successfully reloaded assembly
- Completed reload, in  2.051 seconds
Platform modules already initialized, skipping
Refreshing native plugins compatible for Editor in 0.97 ms, found 0 plugins.
Preloading 0 native plugins for Editor in 0.00 ms.
Unloading 1653 Unused Serialized files (Serialized files now loaded: 0)
System memory in use before: 71.0 MB.
System memory in use after: 71.1 MB.

Unloading 40 unused Assets to reduce memory usage. Loaded Objects now: 2085.
Total: 8.992600 ms (FindLiveObjects: 0.441100 ms CreateObjectMapping: 0.202700 ms MarkObjects: 8.296600 ms  DeleteObjects: 0.049800 ms)

========================================================================
Received Prepare
Registering precompiled user dll's ...
Registered in 0.004198 seconds.
Begin MonoManager ReloadAssembly
Native extension for WindowsStandalone target not found
Refreshing native plugins compatible for Editor in 1.17 ms, found 0 plugins.
Preloading 0 native plugins for Editor in 0.00 ms.
Mono: successfully reloaded assembly
- Completed reload, in  2.241 seconds
Platform modules already initialized, skipping
Refreshing native plugins compatible for Editor in 0.69 ms, found 0 plugins.
Preloading 0 native plugins for Editor in 0.00 ms.
Unloading 1653 Unused Serialized files (Serialized files now loaded: 0)
System memory in use before: 71.0 MB.
System memory in use after: 71.1 MB.

Unloading 40 unused Assets to reduce memory usage. Loaded Objects now: 2088.
Total: 6.347300 ms (FindLiveObjects: 0.283000 ms CreateObjectMapping: 0.150500 ms MarkObjects: 5.872200 ms  DeleteObjects: 0.039500 ms)

========================================================================
Received Prepare
Registering precompiled user dll's ...
Registered in 0.005229 seconds.
Begin MonoManager ReloadAssembly
Native extension for WindowsStandalone target not found
Refreshing native plugins compatible for Editor in 2.64 ms, found 0 plugins.
Preloading 0 native plugins for Editor in 0.00 ms.
Mono: successfully reloaded assembly
- Completed reload, in  1.991 seconds
Platform modules already initialized, skipping
Refreshing native plugins compatible for Editor in 4.74 ms, found 0 plugins.
Preloading 0 native plugins for Editor in 0.00 ms.
Unloading 1653 Unused Serialized files (Serialized files now loaded: 0)
System memory in use before: 71.0 MB.
System memory in use after: 71.1 MB.

Unloading 40 unused Assets to reduce memory usage. Loaded Objects now: 2091.
Total: 9.844800 ms (FindLiveObjects: 0.567500 ms CreateObjectMapping: 0.285500 ms MarkObjects: 8.947100 ms  DeleteObjects: 0.041200 ms)

========================================================================
Received Prepare
Registering precompiled user dll's ...
Registered in 0.002139 seconds.
Begin MonoManager ReloadAssembly
Native extension for WindowsStandalone target not found
Refreshing native plugins compatible for Editor in 0.84 ms, found 0 plugins.
Preloading 0 native plugins for Editor in 0.00 ms.
Mono: successfully reloaded assembly
- Completed reload, in  1.164 seconds
Platform modules already initialized, skipping
Refreshing native plugins compatible for Editor in 0.70 ms, found 0 plugins.
Preloading 0 native plugins for Editor in 0.00 ms.
Unloading 1653 Unused Serialized files (Serialized files now loaded: 0)
System memory in use before: 71.0 MB.
System memory in use after: 71.1 MB.

Unloading 40 unused Assets to reduce memory usage. Loaded Objects now: 2094.
Total: 6.076700 ms (FindLiveObjects: 0.360800 ms CreateObjectMapping: 0.157200 ms MarkObjects: 5.519400 ms  DeleteObjects: 0.036900 ms)

========================================================================
Received Prepare
Registering precompiled user dll's ...
Registered in 0.002192 seconds.
Begin MonoManager ReloadAssembly
Native extension for WindowsStandalone target not found
Refreshing native plugins compatible for Editor in 0.64 ms, found 0 plugins.
Preloading 0 native plugins for Editor in 0.00 ms.
Mono: successfully reloaded assembly
- Completed reload, in  1.029 seconds
Platform modules already initialized, skipping
Refreshing native plugins compatible for Editor in 1.65 ms, found 0 plugins.
Preloading 0 native plugins for Editor in 0.00 ms.
Unloading 1653 Unused Serialized files (Serialized files now loaded: 0)
System memory in use before: 71.0 MB.
System memory in use after: 71.2 MB.

Unloading 40 unused Assets to reduce memory usage. Loaded Objects now: 2097.
Total: 7.300200 ms (FindLiveObjects: 0.305500 ms CreateObjectMapping: 0.103700 ms MarkObjects: 6.858800 ms  DeleteObjects: 0.029500 ms)

========================================================================
Received Prepare
Registering precompiled user dll's ...
Registered in 0.002407 seconds.
Begin MonoManager ReloadAssembly
Native extension for WindowsStandalone target not found
Refreshing native plugins compatible for Editor in 0.68 ms, found 0 plugins.
Preloading 0 native plugins for Editor in 0.00 ms.
Mono: successfully reloaded assembly
- Completed reload, in  1.094 seconds
Platform modules already initialized, skipping
Refreshing native plugins compatible for Editor in 0.64 ms, found 0 plugins.
Preloading 0 native plugins for Editor in 0.00 ms.
Unloading 1653 Unused Serialized files (Serialized files now loaded: 0)
System memory in use before: 71.1 MB.
System memory in use after: 71.2 MB.

Unloading 40 unused Assets to reduce memory usage. Loaded Objects now: 2100.
Total: 5.693600 ms (FindLiveObjects: 0.372900 ms CreateObjectMapping: 0.144500 ms MarkObjects: 5.142100 ms  DeleteObjects: 0.031900 ms)

========================================================================
Received Prepare
Registering precompiled user dll's ...
Registered in 0.002003 seconds.
Begin MonoManager ReloadAssembly
Native extension for WindowsStandalone target not found
Refreshing native plugins compatible for Editor in 1.06 ms, found 0 plugins.
Preloading 0 native plugins for Editor in 0.00 ms.
Mono: successfully reloaded assembly
- Completed reload, in  1.905 seconds
Platform modules already initialized, skipping
Refreshing native plugins compatible for Editor in 0.72 ms, found 0 plugins.
Preloading 0 native plugins for Editor in 0.00 ms.
Unloading 1653 Unused Serialized files (Serialized files now loaded: 0)
System memory in use before: 71.1 MB.
System memory in use after: 71.2 MB.

Unloading 40 unused Assets to reduce memory usage. Loaded Objects now: 2103.
Total: 12.263500 ms (FindLiveObjects: 0.327500 ms CreateObjectMapping: 0.140400 ms MarkObjects: 11.748700 ms  DeleteObjects: 0.043300 ms)

========================================================================
Received Prepare
Registering precompiled user dll's ...
Registered in 0.003737 seconds.
Begin MonoManager ReloadAssembly
Native extension for WindowsStandalone target not found
Refreshing native plugins compatible for Editor in 0.86 ms, found 0 plugins.
Preloading 0 native plugins for Editor in 0.00 ms.
Mono: successfully reloaded assembly
- Completed reload, in  1.359 seconds
Platform modules already initialized, skipping
Refreshing native plugins compatible for Editor in 0.68 ms, found 0 plugins.
Preloading 0 native plugins for Editor in 0.00 ms.
Unloading 1653 Unused Serialized files (Serialized files now loaded: 0)
System memory in use before: 71.1 MB.
System memory in use after: 71.2 MB.

Unloading 40 unused Assets to reduce memory usage. Loaded Objects now: 2106.
Total: 8.024500 ms (FindLiveObjects: 0.317500 ms CreateObjectMapping: 0.172600 ms MarkObjects: 7.494600 ms  DeleteObjects: 0.037200 ms)

========================================================================
Received Prepare
Registering precompiled user dll's ...
Registered in 0.002297 seconds.
Begin MonoManager ReloadAssembly
Native extension for WindowsStandalone target not found
Refreshing native plugins compatible for Editor in 0.65 ms, found 0 plugins.
Preloading 0 native plugins for Editor in 0.00 ms.
Mono: successfully reloaded assembly
- Completed reload, in  0.988 seconds
Platform modules already initialized, skipping
Refreshing native plugins compatible for Editor in 0.67 ms, found 0 plugins.
Preloading 0 native plugins for Editor in 0.00 ms.
Unloading 1653 Unused Serialized files (Serialized files now loaded: 0)
System memory in use before: 71.1 MB.
System memory in use after: 71.2 MB.

Unloading 40 unused Assets to reduce memory usage. Loaded Objects now: 2109.
Total: 5.671200 ms (FindLiveObjects: 0.272300 ms CreateObjectMapping: 0.072100 ms MarkObjects: 5.292700 ms  DeleteObjects: 0.032700 ms)

========================================================================
Received Prepare
Registering precompiled user dll's ...
Registered in 0.003352 seconds.
Begin MonoManager ReloadAssembly
Native extension for WindowsStandalone target not found
Refreshing native plugins compatible for Editor in 1.17 ms, found 0 plugins.
Preloading 0 native plugins for Editor in 0.00 ms.
Mono: successfully reloaded assembly
- Completed reload, in  2.180 seconds
Platform modules already initialized, skipping
Refreshing native plugins compatible for Editor in 1.09 ms, found 0 plugins.
Preloading 0 native plugins for Editor in 0.00 ms.
Unloading 1653 Unused Serialized files (Serialized files now loaded: 0)
System memory in use before: 71.1 MB.
System memory in use after: 71.2 MB.

Unloading 40 unused Assets to reduce memory usage. Loaded Objects now: 2112.
Total: 9.330500 ms (FindLiveObjects: 0.274200 ms CreateObjectMapping: 0.090600 ms MarkObjects: 8.922900 ms  DeleteObjects: 0.040900 ms)

========================================================================
Received Prepare
Registering precompiled user dll's ...
Registered in 0.003069 seconds.
Begin MonoManager ReloadAssembly
Native extension for WindowsStandalone target not found
Refreshing native plugins compatible for Editor in 0.68 ms, found 0 plugins.
Preloading 0 native plugins for Editor in 0.00 ms.
Mono: successfully reloaded assembly
- Completed reload, in  1.161 seconds
Platform modules already initialized, skipping
Refreshing native plugins compatible for Editor in 0.79 ms, found 0 plugins.
Preloading 0 native plugins for Editor in 0.00 ms.
Unloading 1653 Unused Serialized files (Serialized files now loaded: 0)
System memory in use before: 71.1 MB.
System memory in use after: 71.2 MB.

Unloading 40 unused Assets to reduce memory usage. Loaded Objects now: 2115.
Total: 6.164600 ms (FindLiveObjects: 0.450300 ms CreateObjectMapping: 0.200700 ms MarkObjects: 5.461300 ms  DeleteObjects: 0.049600 ms)

========================================================================
Received Prepare
Registering precompiled user dll's ...
Registered in 0.002139 seconds.
Begin MonoManager ReloadAssembly
Native extension for WindowsStandalone target not found
Refreshing native plugins compatible for Editor in 0.61 ms, found 0 plugins.
Preloading 0 native plugins for Editor in 0.00 ms.
Mono: successfully reloaded assembly
- Completed reload, in  1.284 seconds
Platform modules already initialized, skipping
Refreshing native plugins compatible for Editor in 0.74 ms, found 0 plugins.
Preloading 0 native plugins for Editor in 0.00 ms.
Unloading 1653 Unused Serialized files (Serialized files now loaded: 0)
System memory in use before: 71.1 MB.
System memory in use after: 71.2 MB.

Unloading 40 unused Assets to reduce memory usage. Loaded Objects now: 2118.
Total: 6.250100 ms (FindLiveObjects: 0.338600 ms CreateObjectMapping: 0.111800 ms MarkObjects: 5.763000 ms  DeleteObjects: 0.034200 ms)

========================================================================
Received Prepare
Registering precompiled user dll's ...
Registered in 0.002167 seconds.
Begin MonoManager ReloadAssembly
Native extension for WindowsStandalone target not found
Refreshing native plugins compatible for Editor in 0.61 ms, found 0 plugins.
Preloading 0 native plugins for Editor in 0.00 ms.
Mono: successfully reloaded assembly
- Completed reload, in  1.207 seconds
Platform modules already initialized, skipping
Refreshing native plugins compatible for Editor in 0.64 ms, found 0 plugins.
Preloading 0 native plugins for Editor in 0.00 ms.
Unloading 1653 Unused Serialized files (Serialized files now loaded: 0)
System memory in use before: 71.1 MB.
System memory in use after: 71.2 MB.

Unloading 40 unused Assets to reduce memory usage. Loaded Objects now: 2121.
Total: 5.598900 ms (FindLiveObjects: 0.420100 ms CreateObjectMapping: 0.192500 ms MarkObjects: 4.953300 ms  DeleteObjects: 0.031600 ms)

========================================================================
Received Prepare
Registering precompiled user dll's ...
Registered in 0.002115 seconds.
Begin MonoManager ReloadAssembly
Native extension for WindowsStandalone target not found
Refreshing native plugins compatible for Editor in 0.81 ms, found 0 plugins.
Preloading 0 native plugins for Editor in 0.00 ms.
Mono: successfully reloaded assembly
- Completed reload, in  1.223 seconds
Platform modules already initialized, skipping
Refreshing native plugins compatible for Editor in 0.61 ms, found 0 plugins.
Preloading 0 native plugins for Editor in 0.00 ms.
Unloading 1653 Unused Serialized files (Serialized files now loaded: 0)
System memory in use before: 71.1 MB.
System memory in use after: 71.2 MB.

Unloading 40 unused Assets to reduce memory usage. Loaded Objects now: 2124.
Total: 6.132900 ms (FindLiveObjects: 0.182800 ms CreateObjectMapping: 0.090000 ms MarkObjects: 5.826100 ms  DeleteObjects: 0.032500 ms)

========================================================================
Received Prepare
Registering precompiled user dll's ...
Registered in 0.002808 seconds.
Begin MonoManager ReloadAssembly
Native extension for WindowsStandalone target not found
Refreshing native plugins compatible for Editor in 0.79 ms, found 0 plugins.
Preloading 0 native plugins for Editor in 0.00 ms.
Mono: successfully reloaded assembly
- Completed reload, in  1.047 seconds
Platform modules already initialized, skipping
Refreshing native plugins compatible for Editor in 0.69 ms, found 0 plugins.
Preloading 0 native plugins for Editor in 0.00 ms.
Unloading 1653 Unused Serialized files (Serialized files now loaded: 0)
System memory in use before: 71.1 MB.
System memory in use after: 71.2 MB.

Unloading 40 unused Assets to reduce memory usage. Loaded Objects now: 2127.
Total: 8.957100 ms (FindLiveObjects: 1.300000 ms CreateObjectMapping: 0.152000 ms MarkObjects: 7.453800 ms  DeleteObjects: 0.048900 ms)

========================================================================
Received Import Request.
  Time since last request: 4181.765587 seconds.
  path: Assets/Group1/Scripts/Booster.cs
  artifactKey: Guid(7a964078e246caf4188e8cd72475938b) Importer(815301076,1909f56bfc062723c751e8b465ee728b)
Start importing Assets/Group1/Scripts/Booster.cs using Guid(7a964078e246caf4188e8cd72475938b) Importer(815301076,1909f56bfc062723c751e8b465ee728b)  -> (artifact id: '89b5864556529548a78de541a8f53b4e') in 0.019088 seconds
  Import took 0.027739 seconds .

========================================================================
Received Prepare
Registering precompiled user dll's ...
Registered in 0.006604 seconds.
Begin MonoManager ReloadAssembly
Native extension for WindowsStandalone target not found
Refreshing native plugins compatible for Editor in 5.32 ms, found 0 plugins.
Preloading 0 native plugins for Editor in 0.00 ms.
Mono: successfully reloaded assembly
- Completed reload, in  1.518 seconds
Platform modules already initialized, skipping
Refreshing native plugins compatible for Editor in 0.99 ms, found 0 plugins.
Preloading 0 native plugins for Editor in 0.00 ms.
Unloading 1654 Unused Serialized files (Serialized files now loaded: 0)
System memory in use before: 71.1 MB.
System memory in use after: 71.2 MB.

Unloading 40 unused Assets to reduce memory usage. Loaded Objects now: 2131.
Total: 6.172800 ms (FindLiveObjects: 0.290800 ms CreateObjectMapping: 0.169800 ms MarkObjects: 5.661900 ms  DeleteObjects: 0.046300 ms)

========================================================================
Received Prepare
Registering precompiled user dll's ...
Registered in 0.002067 seconds.
Begin MonoManager ReloadAssembly
Native extension for WindowsStandalone target not found
Refreshing native plugins compatible for Editor in 0.63 ms, found 0 plugins.
Preloading 0 native plugins for Editor in 0.00 ms.
Mono: successfully reloaded assembly
- Completed reload, in  1.683 seconds
Platform modules already initialized, skipping
Refreshing native plugins compatible for Editor in 0.61 ms, found 0 plugins.
Preloading 0 native plugins for Editor in 0.00 ms.
Unloading 1654 Unused Serialized files (Serialized files now loaded: 0)
System memory in use before: 71.1 MB.
System memory in use after: 71.3 MB.

Unloading 40 unused Assets to reduce memory usage. Loaded Objects now: 2134.
Total: 7.709900 ms (FindLiveObjects: 0.319600 ms CreateObjectMapping: 0.096400 ms MarkObjects: 7.263700 ms  DeleteObjects: 0.028400 ms)

========================================================================
Received Import Request.
  Time since last request: 17.612889 seconds.
  path: Assets/Group1/Scripts/Booster.cs
  artifactKey: Guid(7a964078e246caf4188e8cd72475938b) Importer(815301076,1909f56bfc062723c751e8b465ee728b)
Start importing Assets/Group1/Scripts/Booster.cs using Guid(7a964078e246caf4188e8cd72475938b) Importer(815301076,1909f56bfc062723c751e8b465ee728b)  -> (artifact id: '3b5e994cf597ff580b5b3d642e2f0fc1') in 0.006275 seconds
  Import took 0.321065 seconds .

========================================================================
Received Import Request.
  Time since last request: 40.166935 seconds.
  path: Assets/Group1/Booster.prefab
  artifactKey: Guid(a0dee93b8b8993e4fbe68e2ae14fa434) Importer(815301076,1909f56bfc062723c751e8b465ee728b)
Start importing Assets/Group1/Booster.prefab using Guid(a0dee93b8b8993e4fbe68e2ae14fa434) Importer(815301076,1909f56bfc062723c751e8b465ee728b)  -> (artifact id: '3131bc72bdf38a3cc6d4e1432b5b1708') in 0.172152 seconds
  Import took 0.183688 seconds .

========================================================================
Received Import Request.
  Time since last request: 21.944323 seconds.
  path: Assets/Group1/Booster.prefab
  artifactKey: Guid(a0dee93b8b8993e4fbe68e2ae14fa434) Importer(815301076,1909f56bfc062723c751e8b465ee728b)
Start importing Assets/Group1/Booster.prefab using Guid(a0dee93b8b8993e4fbe68e2ae14fa434) Importer(815301076,1909f56bfc062723c751e8b465ee728b)  -> (artifact id: 'f0e85b4b31166937169fa7d7122fff0c') in 0.019133 seconds
  Import took 0.033594 seconds .

========================================================================
Received Import Request.
  Time since last request: 0.004511 seconds.
  path: Assets/Group1/Booster.prefab
  artifactKey: Guid(a0dee93b8b8993e4fbe68e2ae14fa434) Importer(815301076,1909f56bfc062723c751e8b465ee728b)
Start importing Assets/Group1/Booster.prefab using Guid(a0dee93b8b8993e4fbe68e2ae14fa434) Importer(815301076,1909f56bfc062723c751e8b465ee728b)  -> (artifact id: 'f0e85b4b31166937169fa7d7122fff0c') in 0.021082 seconds
  Import took 0.027061 seconds .

========================================================================
Received Prepare
Registering precompiled user dll's ...
Registered in 0.003155 seconds.
Begin MonoManager ReloadAssembly
Native extension for WindowsStandalone target not found
Refreshing native plugins compatible for Editor in 0.84 ms, found 0 plugins.
Preloading 0 native plugins for Editor in 0.00 ms.
Mono: successfully reloaded assembly
- Completed reload, in  1.285 seconds
Platform modules already initialized, skipping
Refreshing native plugins compatible for Editor in 1.02 ms, found 0 plugins.
Preloading 0 native plugins for Editor in 0.00 ms.
Unloading 1654 Unused Serialized files (Serialized files now loaded: 0)
System memory in use before: 74.3 MB.
System memory in use after: 74.4 MB.

Unloading 40 unused Assets to reduce memory usage. Loaded Objects now: 2144.
Total: 6.138300 ms (FindLiveObjects: 0.199300 ms CreateObjectMapping: 0.066600 ms MarkObjects: 5.835700 ms  DeleteObjects: 0.034300 ms)

========================================================================
Received Prepare
Registering precompiled user dll's ...
Registered in 0.002944 seconds.
Begin MonoManager ReloadAssembly
Native extension for WindowsStandalone target not found
Refreshing native plugins compatible for Editor in 0.77 ms, found 0 plugins.
Preloading 0 native plugins for Editor in 0.00 ms.
Mono: successfully reloaded assembly
- Completed reload, in  1.146 seconds
Platform modules already initialized, skipping
Refreshing native plugins compatible for Editor in 0.62 ms, found 0 plugins.
Preloading 0 native plugins for Editor in 0.00 ms.
Unloading 1654 Unused Serialized files (Serialized files now loaded: 0)
System memory in use before: 74.3 MB.
System memory in use after: 74.4 MB.

Unloading 40 unused Assets to reduce memory usage. Loaded Objects now: 2147.
Total: 6.634800 ms (FindLiveObjects: 0.396100 ms CreateObjectMapping: 0.196200 ms MarkObjects: 6.004800 ms  DeleteObjects: 0.035400 ms)

========================================================================
Received Import Request.
  Time since last request: 90.904731 seconds.
  path: Assets/Group1/Booster.prefab
  artifactKey: Guid(a0dee93b8b8993e4fbe68e2ae14fa434) Importer(815301076,1909f56bfc062723c751e8b465ee728b)
Start importing Assets/Group1/Booster.prefab using Guid(a0dee93b8b8993e4fbe68e2ae14fa434) Importer(815301076,1909f56bfc062723c751e8b465ee728b)  -> (artifact id: '67074dc2d234c634b2efd6eda9a91a60') in 0.067914 seconds
  Import took 0.092898 seconds .

========================================================================
Received Import Request.
  Time since last request: 1.449383 seconds.
  path: Assets/Group1/Booster.prefab
  artifactKey: Guid(a0dee93b8b8993e4fbe68e2ae14fa434) Importer(815301076,1909f56bfc062723c751e8b465ee728b)
Start importing Assets/Group1/Booster.prefab using Guid(a0dee93b8b8993e4fbe68e2ae14fa434) Importer(815301076,1909f56bfc062723c751e8b465ee728b)  -> (artifact id: '67074dc2d234c634b2efd6eda9a91a60') in 0.016167 seconds
  Import took 0.020509 seconds .

========================================================================
Received Prepare
Registering precompiled user dll's ...
Registered in 0.003472 seconds.
Begin MonoManager ReloadAssembly
Native extension for WindowsStandalone target not found
Refreshing native plugins compatible for Editor in 0.75 ms, found 0 plugins.
Preloading 0 native plugins for Editor in 0.00 ms.
Mono: successfully reloaded assembly
- Completed reload, in  1.304 seconds
Platform modules already initialized, skipping
Refreshing native plugins compatible for Editor in 0.64 ms, found 0 plugins.
Preloading 0 native plugins for Editor in 0.00 ms.
Unloading 1654 Unused Serialized files (Serialized files now loaded: 0)
System memory in use before: 74.3 MB.
System memory in use after: 74.4 MB.

Unloading 40 unused Assets to reduce memory usage. Loaded Objects now: 2151.
Total: 5.663100 ms (FindLiveObjects: 0.367600 ms CreateObjectMapping: 0.200000 ms MarkObjects: 5.057200 ms  DeleteObjects: 0.035800 ms)

========================================================================
Received Prepare
Registering precompiled user dll's ...
Registered in 0.003040 seconds.
Begin MonoManager ReloadAssembly
Native extension for WindowsStandalone target not found
Refreshing native plugins compatible for Editor in 1.15 ms, found 0 plugins.
Preloading 0 native plugins for Editor in 0.00 ms.
Mono: successfully reloaded assembly
- Completed reload, in  1.373 seconds
Platform modules already initialized, skipping
Refreshing native plugins compatible for Editor in 0.64 ms, found 0 plugins.
Preloading 0 native plugins for Editor in 0.00 ms.
Unloading 1654 Unused Serialized files (Serialized files now loaded: 0)
System memory in use before: 74.3 MB.
System memory in use after: 74.4 MB.

Unloading 40 unused Assets to reduce memory usage. Loaded Objects now: 2154.
Total: 13.568800 ms (FindLiveObjects: 0.323100 ms CreateObjectMapping: 0.098600 ms MarkObjects: 13.056700 ms  DeleteObjects: 0.087500 ms)

========================================================================
Received Import Request.
  Time since last request: 1561.751221 seconds.
  path: Assets/Group1/Booster.prefab
  artifactKey: Guid(a0dee93b8b8993e4fbe68e2ae14fa434) Importer(815301076,1909f56bfc062723c751e8b465ee728b)
Start importing Assets/Group1/Booster.prefab using Guid(a0dee93b8b8993e4fbe68e2ae14fa434) Importer(815301076,1909f56bfc062723c751e8b465ee728b)  -> (artifact id: '51da2131ed1b26cb0c90ca58581ae895') in 0.104196 seconds
  Import took 0.111183 seconds .

========================================================================
Received Prepare
Registering precompiled user dll's ...
Registered in 0.002362 seconds.
Begin MonoManager ReloadAssembly
Native extension for WindowsStandalone target not found
Refreshing native plugins compatible for Editor in 0.66 ms, found 0 plugins.
Preloading 0 native plugins for Editor in 0.00 ms.
Mono: successfully reloaded assembly
- Completed reload, in  1.071 seconds
Platform modules already initialized, skipping
Refreshing native plugins compatible for Editor in 1.31 ms, found 0 plugins.
Preloading 0 native plugins for Editor in 0.00 ms.
Unloading 1654 Unused Serialized files (Serialized files now loaded: 0)
System memory in use before: 74.3 MB.
System memory in use after: 74.4 MB.

Unloading 40 unused Assets to reduce memory usage. Loaded Objects now: 2158.
Total: 6.120500 ms (FindLiveObjects: 0.216800 ms CreateObjectMapping: 0.080100 ms MarkObjects: 5.784200 ms  DeleteObjects: 0.037500 ms)

========================================================================
Received Prepare
Registering precompiled user dll's ...
Registered in 0.002535 seconds.
Begin MonoManager ReloadAssembly
Native extension for WindowsStandalone target not found
Refreshing native plugins compatible for Editor in 0.65 ms, found 0 plugins.
Preloading 0 native plugins for Editor in 0.00 ms.
Mono: successfully reloaded assembly
- Completed reload, in  1.234 seconds
Platform modules already initialized, skipping
Refreshing native plugins compatible for Editor in 0.96 ms, found 0 plugins.
Preloading 0 native plugins for Editor in 0.00 ms.
Unloading 1654 Unused Serialized files (Serialized files now loaded: 0)
System memory in use before: 74.3 MB.
System memory in use after: 74.4 MB.

Unloading 40 unused Assets to reduce memory usage. Loaded Objects now: 2161.
Total: 6.833000 ms (FindLiveObjects: 0.210800 ms CreateObjectMapping: 0.077400 ms MarkObjects: 6.500000 ms  DeleteObjects: 0.042700 ms)

========================================================================
Received Prepare
Registering precompiled user dll's ...
Registered in 0.002906 seconds.
Begin MonoManager ReloadAssembly
Native extension for WindowsStandalone target not found
Refreshing native plugins compatible for Editor in 0.78 ms, found 0 plugins.
Preloading 0 native plugins for Editor in 0.00 ms.
Mono: successfully reloaded assembly
- Completed reload, in  1.613 seconds
Platform modules already initialized, skipping
Refreshing native plugins compatible for Editor in 1.23 ms, found 0 plugins.
Preloading 0 native plugins for Editor in 0.00 ms.
Unloading 1654 Unused Serialized files (Serialized files now loaded: 0)
System memory in use before: 74.3 MB.
System memory in use after: 74.4 MB.

Unloading 40 unused Assets to reduce memory usage. Loaded Objects now: 2164.
Total: 8.146600 ms (FindLiveObjects: 0.773500 ms CreateObjectMapping: 0.234000 ms MarkObjects: 7.101600 ms  DeleteObjects: 0.035300 ms)

========================================================================
Received Prepare
Registering precompiled user dll's ...
Registered in 0.002041 seconds.
Begin MonoManager ReloadAssembly
Native extension for WindowsStandalone target not found
Refreshing native plugins compatible for Editor in 0.73 ms, found 0 plugins.
Preloading 0 native plugins for Editor in 0.00 ms.
Mono: successfully reloaded assembly
- Completed reload, in  1.287 seconds
Platform modules already initialized, skipping
Refreshing native plugins compatible for Editor in 0.64 ms, found 0 plugins.
Preloading 0 native plugins for Editor in 0.00 ms.
Unloading 1654 Unused Serialized files (Serialized files now loaded: 0)
System memory in use before: 74.3 MB.
System memory in use after: 74.4 MB.

Unloading 40 unused Assets to reduce memory usage. Loaded Objects now: 2167.
Total: 6.222000 ms (FindLiveObjects: 0.264800 ms CreateObjectMapping: 0.156500 ms MarkObjects: 5.761200 ms  DeleteObjects: 0.037200 ms)

========================================================================
Received Prepare
Registering precompiled user dll's ...
Registered in 0.002007 seconds.
Begin MonoManager ReloadAssembly
Native extension for WindowsStandalone target not found
Refreshing native plugins compatible for Editor in 0.63 ms, found 0 plugins.
Preloading 0 native plugins for Editor in 0.00 ms.
Mono: successfully reloaded assembly
- Completed reload, in  1.110 seconds
Platform modules already initialized, skipping
Refreshing native plugins compatible for Editor in 0.63 ms, found 0 plugins.
Preloading 0 native plugins for Editor in 0.00 ms.
Unloading 1654 Unused Serialized files (Serialized files now loaded: 0)
System memory in use before: 74.3 MB.
System memory in use after: 74.4 MB.

Unloading 40 unused Assets to reduce memory usage. Loaded Objects now: 2170.
Total: 5.252100 ms (FindLiveObjects: 0.185600 ms CreateObjectMapping: 0.066800 ms MarkObjects: 4.962400 ms  DeleteObjects: 0.035200 ms)

========================================================================
Received Prepare
Registering precompiled user dll's ...
Registered in 0.002521 seconds.
Begin MonoManager ReloadAssembly
Native extension for WindowsStandalone target not found
Refreshing native plugins compatible for Editor in 0.69 ms, found 0 plugins.
Preloading 0 native plugins for Editor in 0.00 ms.
Mono: successfully reloaded assembly
- Completed reload, in  1.268 seconds
Platform modules already initialized, skipping
Refreshing native plugins compatible for Editor in 0.64 ms, found 0 plugins.
Preloading 0 native plugins for Editor in 0.00 ms.
Unloading 1654 Unused Serialized files (Serialized files now loaded: 0)
System memory in use before: 74.3 MB.
System memory in use after: 74.4 MB.

Unloading 40 unused Assets to reduce memory usage. Loaded Objects now: 2173.
Total: 5.418300 ms (FindLiveObjects: 0.200100 ms CreateObjectMapping: 0.072400 ms MarkObjects: 5.109700 ms  DeleteObjects: 0.033900 ms)

========================================================================
Received Prepare
Registering precompiled user dll's ...
Registered in 0.001989 seconds.
Begin MonoManager ReloadAssembly
Native extension for WindowsStandalone target not found
Refreshing native plugins compatible for Editor in 0.78 ms, found 0 plugins.
Preloading 0 native plugins for Editor in 0.00 ms.
Mono: successfully reloaded assembly
- Completed reload, in  1.518 seconds
Platform modules already initialized, skipping
Refreshing native plugins compatible for Editor in 0.72 ms, found 0 plugins.
Preloading 0 native plugins for Editor in 0.00 ms.
Unloading 1654 Unused Serialized files (Serialized files now loaded: 0)
System memory in use before: 74.3 MB.
System memory in use after: 74.5 MB.

Unloading 40 unused Assets to reduce memory usage. Loaded Objects now: 2176.
Total: 6.662700 ms (FindLiveObjects: 0.474200 ms CreateObjectMapping: 0.215400 ms MarkObjects: 5.931800 ms  DeleteObjects: 0.039100 ms)

========================================================================
Received Prepare
Registering precompiled user dll's ...
Registered in 0.001980 seconds.
Begin MonoManager ReloadAssembly
Native extension for WindowsStandalone target not found
Refreshing native plugins compatible for Editor in 0.66 ms, found 0 plugins.
Preloading 0 native plugins for Editor in 0.00 ms.
Mono: successfully reloaded assembly
- Completed reload, in  1.206 seconds
Platform modules already initialized, skipping
Refreshing native plugins compatible for Editor in 0.88 ms, found 0 plugins.
Preloading 0 native plugins for Editor in 0.00 ms.
Unloading 1654 Unused Serialized files (Serialized files now loaded: 0)
System memory in use before: 74.4 MB.
System memory in use after: 74.5 MB.

Unloading 40 unused Assets to reduce memory usage. Loaded Objects now: 2179.
Total: 6.640800 ms (FindLiveObjects: 0.332400 ms CreateObjectMapping: 0.208300 ms MarkObjects: 6.059400 ms  DeleteObjects: 0.038400 ms)

AssetImportWorkerClient::OnTransportError - code=2 error=End of file
